SF:lib\data\datasources\remote_data_source.dart
DA:38,1
DA:40,0
DA:41,0
DA:43,0
DA:44,0
DA:45,0
DA:46,0
DA:47,0
DA:48,0
DA:49,0
DA:50,0
DA:51,0
DA:53,0
DA:57,0
DA:60,0
DA:61,0
DA:62,0
DA:65,0
DA:66,0
DA:71,1
DA:72,5
DA:74,2
DA:75,4
DA:77,1
DA:82,1
DA:83,5
DA:85,2
DA:86,3
DA:88,1
DA:93,1
DA:94,5
DA:96,2
DA:97,4
DA:99,1
DA:104,1
DA:105,5
DA:107,2
DA:108,4
DA:110,1
DA:115,1
DA:116,5
DA:118,2
DA:119,4
DA:121,1
DA:126,1
DA:127,5
DA:129,2
DA:130,4
DA:132,1
DA:137,1
DA:138,5
DA:140,2
DA:141,4
DA:143,1
DA:148,1
DA:149,5
DA:151,2
DA:152,3
DA:154,1
DA:159,1
DA:160,5
DA:162,2
DA:163,4
DA:165,1
DA:170,1
DA:171,5
DA:173,2
DA:174,4
DA:176,1
DA:181,1
DA:182,5
DA:184,2
DA:185,4
DA:187,1
DA:192,1
DA:193,5
DA:195,2
DA:196,4
DA:198,1
LF:79
LH:61
end_of_record
SF:lib\utils\exception.dart
DA:6,0
LF:1
LH:0
end_of_record
SF:lib\utils\failure.dart
DA:6,0
DA:8,0
DA:9,0
DA:13,0
DA:17,0
DA:21,0
LF:6
LH:0
end_of_record
SF:lib\common\encrypt.dart
DA:3,0
DA:4,0
DA:5,0
DA:7,0
DA:9,0
DA:11,0
LF:6
LH:0
end_of_record
SF:lib\data\models\genre_model.dart
DA:5,1
DA:13,2
DA:14,1
DA:15,1
DA:18,0
DA:19,0
DA:20,0
DA:23,0
DA:24,0
DA:27,1
DA:28,3
LF:11
LH:6
end_of_record
SF:lib\domain\entities\genre.dart
DA:4,0
DA:12,0
DA:13,0
LF:3
LH:0
end_of_record
