SF:lib\presentation\bloc\on_the_air_series\on_the_air_series_state.dart
DA:4,3
DA:6,1
DA:7,1
DA:19,3
DA:21,1
DA:22,2
DA:28,3
DA:30,1
DA:31,2
LF:9
LH:9
end_of_record
SF:lib\presentation\bloc\on_the_air_series\on_the_air_series_event.dart
DA:4,3
DA:6,0
DA:7,0
LF:3
LH:1
end_of_record
SF:lib\presentation\bloc\on_the_air_series\on_the_air_series_bloc.dart
DA:12,1
DA:14,2
DA:15,2
DA:16,2
DA:17,3
DA:19,1
DA:20,1
DA:21,3
DA:23,1
DA:24,3
LF:10
LH:10
end_of_record
SF:lib\presentation\bloc\popular_series\popular_series_state.dart
DA:4,3
DA:6,1
DA:7,1
DA:19,3
DA:21,1
DA:22,2
DA:28,3
DA:30,1
DA:31,2
LF:9
LH:9
end_of_record
SF:lib\presentation\bloc\popular_series\popular_series_bloc.dart
DA:12,1
DA:14,2
DA:15,2
DA:16,2
DA:17,3
DA:19,1
DA:20,1
DA:21,3
DA:23,1
DA:24,3
LF:10
LH:10
end_of_record
SF:lib\presentation\bloc\popular_series\popular_series_event.dart
DA:4,3
DA:6,0
DA:7,0
LF:3
LH:1
end_of_record
SF:lib\presentation\bloc\series_detail\series_detail_state.dart
DA:4,2
DA:6,1
DA:7,1
DA:17,1
DA:19,1
DA:20,2
DA:26,2
DA:28,1
DA:29,2
LF:9
LH:9
end_of_record
SF:lib\presentation\bloc\series_detail\series_detail_bloc.dart
DA:12,1
DA:14,2
DA:15,2
DA:16,2
DA:17,4
DA:19,1
DA:20,1
DA:21,3
DA:23,1
DA:24,2
LF:10
LH:10
end_of_record
SF:lib\presentation\bloc\series_detail\series_detail_event.dart
DA:4,2
DA:6,0
DA:7,0
DA:13,2
DA:15,0
DA:16,0
LF:6
LH:2
end_of_record
SF:lib\presentation\bloc\series_recommendation\series_recommendation_state.dart
DA:4,2
DA:6,1
DA:7,1
DA:19,1
DA:21,1
DA:22,2
DA:28,2
DA:30,1
DA:31,2
LF:9
LH:9
end_of_record
SF:lib\presentation\bloc\series_recommendation\series_recommendation_event.dart
DA:4,2
DA:6,0
DA:7,0
DA:13,2
DA:15,0
DA:16,0
LF:6
LH:2
end_of_record
SF:lib\presentation\bloc\series_recommendation\series_recommendation_bloc.dart
DA:12,1
DA:14,2
DA:15,2
DA:16,2
DA:17,4
DA:19,1
DA:20,1
DA:21,3
DA:23,1
DA:24,3
LF:10
LH:10
end_of_record
SF:lib\presentation\bloc\top_rated_series\top_rated_series_bloc.dart
DA:12,1
DA:14,2
DA:15,2
DA:16,2
DA:17,3
DA:19,1
DA:20,1
DA:21,3
DA:23,1
DA:24,3
LF:10
LH:10
end_of_record
SF:lib\presentation\bloc\top_rated_series\top_rated_series_event.dart
DA:4,3
DA:6,0
DA:7,0
LF:3
LH:1
end_of_record
SF:lib\presentation\bloc\top_rated_series\top_rated_series_state.dart
DA:4,3
DA:6,1
DA:7,1
DA:19,3
DA:21,1
DA:22,2
DA:28,3
DA:30,1
DA:31,2
LF:9
LH:9
end_of_record
SF:lib\presentation\bloc\watchlist_series\watchlist_series_state.dart
DA:4,3
DA:6,1
DA:7,1
DA:19,2
DA:21,1
DA:22,2
DA:28,1
DA:30,1
DA:31,2
DA:37,2
DA:39,1
DA:40,2
DA:46,2
DA:48,1
DA:49,2
LF:15
LH:15
end_of_record
SF:lib\presentation\bloc\watchlist_series\watchlist_series_event.dart
DA:4,3
DA:6,1
DA:7,1
DA:15,2
DA:17,1
DA:18,2
DA:24,2
DA:26,1
DA:27,2
DA:33,1
DA:35,1
DA:36,2
LF:12
LH:12
end_of_record
SF:lib\presentation\bloc\watchlist_series\watchlist_series_bloc.dart
DA:22,1
DA:27,2
DA:28,2
DA:29,2
DA:30,3
DA:32,1
DA:33,1
DA:34,3
DA:36,1
DA:37,3
DA:42,2
DA:43,4
DA:44,2
DA:47,2
DA:48,1
DA:49,3
DA:51,1
DA:52,1
DA:53,3
DA:55,1
DA:56,2
DA:61,2
DA:62,1
DA:63,3
DA:65,1
DA:66,1
DA:67,3
DA:69,1
DA:70,2
LF:29
LH:29
end_of_record
SF:lib\presentation\pages\home_series_page.dart
DA:23,2
DA:25,1
DA:26,1
DA:30,1
DA:32,1
DA:33,2
DA:34,4
DA:35,4
DA:36,4
DA:40,1
DA:42,1
DA:43,1
DA:44,1
DA:45,1
DA:53,1
DA:56,0
DA:57,0
DA:60,1
DA:63,0
DA:64,0
DA:67,1
DA:70,0
DA:71,0
DA:74,1
DA:77,0
DA:78,0
DA:81,1
DA:82,0
DA:83,0
DA:91,1
DA:93,1
DA:94,1
DA:95,0
DA:96,0
DA:102,1
DA:104,1
DA:105,1
DA:107,1
DA:108,1
DA:110,0
DA:111,0
DA:113,1
DA:114,1
DA:115,1
DA:119,1
DA:120,2
DA:121,1
DA:122,1
DA:123,1
DA:131,1
DA:133,0
DA:134,0
DA:136,1
DA:137,1
DA:138,1
DA:142,1
DA:143,2
DA:144,1
DA:145,1
DA:146,1
DA:154,1
DA:156,0
DA:157,0
DA:159,1
DA:160,1
DA:161,1
DA:165,1
DA:166,2
DA:167,1
DA:168,1
DA:169,1
DA:184,1
DA:185,1
DA:187,1
DA:188,1
DA:190,1
DA:192,1
DA:194,1
DA:196,1
DA:209,1
DA:211,1
DA:213,1
DA:215,1
DA:217,1
DA:218,2
DA:219,1
DA:221,1
DA:222,0
DA:223,0
DA:226,0
DA:229,1
DA:231,1
DA:232,2
DA:233,1
DA:236,0
DA:242,2
LF:96
LH:74
end_of_record
SF:lib\presentation\pages\on_the_air_series_page.dart
DA:9,2
DA:11,1
DA:12,1
DA:16,1
DA:18,1
DA:19,2
DA:20,4
DA:24,1
DA:26,1
DA:27,1
DA:30,1
DA:32,1
DA:33,1
DA:34,1
DA:38,1
DA:39,1
DA:40,0
DA:41,0
DA:42,0
DA:44,2
DA:46,1
DA:47,0
DA:48,0
DA:49,0
DA:55,1
DA:56,1
DA:58,1
DA:59,1
DA:66,0
LF:29
LH:22
end_of_record
SF:lib\presentation\pages\popular_series_page.dart
DA:9,2
DA:11,1
DA:12,1
DA:16,1
DA:18,1
DA:19,2
DA:20,4
DA:24,1
DA:26,1
DA:27,1
DA:30,1
DA:32,1
DA:33,1
DA:34,1
DA:38,1
DA:39,1
DA:40,0
DA:41,0
DA:42,0
DA:44,2
DA:46,1
DA:47,0
DA:48,0
DA:49,0
DA:55,1
DA:56,1
DA:58,1
DA:59,1
DA:66,0
LF:29
LH:22
end_of_record
SF:lib\presentation\pages\series_detail_page.dart
DA:18,1
DA:20,1
DA:21,1
DA:25,1
DA:27,1
DA:28,2
DA:29,6
DA:30,6
DA:31,6
DA:35,1
DA:37,2
DA:38,1
DA:39,1
DA:40,0
DA:41,0
DA:42,0
DA:43,0
DA:46,1
DA:47,1
DA:48,1
DA:52,1
DA:53,1
DA:54,6
DA:55,1
DA:56,1
DA:58,2
DA:84,1
DA:86,1
DA:88,3
DA:89,1
DA:90,1
DA:91,1
DA:92,3
DA:94,1
DA:97,0
DA:99,1
DA:101,1
DA:102,1
DA:103,1
DA:113,1
DA:114,1
DA:115,1
DA:117,1
DA:119,1
DA:121,1
DA:122,1
DA:123,2
DA:124,1
DA:126,1
DA:127,1
DA:128,1
DA:129,4
DA:131,0
DA:134,1
DA:136,1
DA:137,1
DA:144,1
DA:145,3
DA:147,1
DA:148,4
DA:150,1
DA:151,4
DA:153,1
DA:154,1
DA:155,1
DA:156,3
DA:158,1
DA:164,4
DA:168,1
DA:170,1
DA:172,1
DA:173,2
DA:176,1
DA:178,1
DA:180,1
DA:181,1
DA:182,1
DA:186,1
DA:187,1
DA:189,1
DA:191,1
DA:192,2
DA:193,1
DA:195,1
DA:196,0
DA:197,0
DA:200,0
DA:203,1
DA:207,1
DA:209,2
DA:210,1
DA:216,0
DA:223,2
DA:226,0
DA:227,0
DA:228,0
DA:230,0
DA:231,0
DA:232,0
DA:235,0
DA:243,1
DA:245,1
DA:260,1
DA:262,1
DA:265,1
DA:267,0
DA:268,0
DA:277,1
DA:279,2
DA:280,3
DA:283,1
DA:287,3
LF:112
LH:93
end_of_record
SF:lib\presentation\pages\top_rated_series_page.dart
DA:9,2
DA:11,1
DA:12,1
DA:16,1
DA:18,1
DA:19,2
DA:20,4
DA:24,1
DA:26,1
DA:27,1
DA:30,1
DA:32,1
DA:33,1
DA:34,1
DA:38,1
DA:39,1
DA:40,0
DA:41,0
DA:42,0
DA:44,2
DA:46,1
DA:47,0
DA:48,0
DA:49,0
DA:55,1
DA:56,1
DA:58,1
DA:59,1
DA:66,0
LF:29
LH:22
end_of_record
SF:lib\presentation\pages\watchlist_series_page.dart
DA:10,2
DA:12,1
DA:13,1
DA:17,1
DA:19,1
DA:20,2
DA:21,4
DA:25,1
DA:27,1
DA:28,4
DA:31,0
DA:33,0
DA:36,1
DA:38,1
DA:39,1
DA:42,1
DA:44,1
DA:45,1
DA:46,1
DA:50,1
DA:51,1
DA:52,1
DA:53,2
DA:54,1
DA:56,2
DA:58,1
DA:59,0
DA:60,0
DA:61,0
DA:67,1
DA:68,1
DA:70,1
DA:71,1
DA:78,0
DA:86,1
DA:88,2
DA:89,1
LF:37
LH:31
end_of_record
SF:lib\presentation\widgets\series_card_list.dart
DA:11,1
DA:13,1
DA:15,1
DA:17,1
DA:18,0
DA:19,0
DA:22,0
DA:25,1
DA:27,1
DA:28,1
DA:29,1
DA:35,1
DA:37,1
DA:38,1
DA:39,2
DA:42,1
DA:44,1
DA:45,1
DA:46,2
DA:54,1
DA:59,1
DA:60,1
DA:61,3
DA:63,2
DA:64,1
DA:66,0
DA:68,2
LF:27
LH:23
end_of_record
